<?xml version="1.0" encoding="UTF-8"?>
<!-- Generated by org.testng.reporters.JUnitReportReporter -->
<testsuite hostname="DESKTOP-UQ7K55J" name="example.NewTest" tests="1" failures="0" timestamp="16 Sep 2017 15:59:22 GMT" time="5.194" errors="0">
  <testcase name="f" time="5.194" classname="example.NewTest"/>
</testsuite> <!-- example.NewTest -->
