<?xml version="1.0" encoding="UTF-8"?>
<!-- Generated by org.testng.reporters.JUnitReportReporter -->
<testsuite hostname="DESKTOP-UQ7K55J" name="example.NewTest" tests="1" failures="0" timestamp="3 Sep 2017 22:24:54 GMT" time="3.866" errors="0">
  <testcase name="f" time="3.866" classname="example.NewTest"/>
</testsuite> <!-- example.NewTest -->
