<?xml version="1.0" encoding="UTF-8"?>
<!-- Generated by org.testng.reporters.JUnitReportReporter -->
<testsuite hostname="DESKTOP-UQ7K55J" name="example.NewTest" tests="3" failures="0" timestamp="16 Sep 2017 17:30:46 GMT" time="6.158" errors="0">
  <testcase name="SignOff" time="1.408" classname="example.NewTest"/>
  <testcase name="Login" time="3.933" classname="example.NewTest"/>
  <testcase name="Launch" time="0.817" classname="example.NewTest"/>
</testsuite> <!-- example.NewTest -->
