<?xml version="1.0" encoding="UTF-8"?>
<!-- Generated by org.testng.reporters.JUnitReportReporter -->
<testsuite hostname="DESKTOP-UQ7K55J" name="example.NewTest" tests="1" failures="0" timestamp="3 Sep 2017 18:12:24 GMT" time="4.448" errors="0">
  <testcase name="f" time="4.448" classname="example.NewTest"/>
</testsuite> <!-- example.NewTest -->
